<?xml version="1.0" encoding="UTF-8"?>
<!-- Generated by org.testng.reporters.JUnitReportReporter -->
<testsuite skipped="0" hostname="DESKTOP-LMAQN76" name="testCases.LoginTest" tests="1" failures="0" timestamp="20 Sep 2018 02:17:39 GMT" time="2.913" errors="0">
  <testcase name="performLoginTest" time="2.913" classname="testCases.LoginTest"/>
</testsuite> <!-- testCases.LoginTest -->
