<?xml version="1.0" encoding="UTF-8"?>
<!-- Generated by org.testng.reporters.JUnitReportReporter -->
<testsuite skipped="0" hostname="DESKTOP-LMAQN76" name="testCases.LoginTest" tests="1" failures="0" timestamp="22 Sep 2018 07:31:32 GMT" time="3.030" errors="0">
  <testcase name="performLoginTest" time="3.030" classname="testCases.LoginTest"/>
</testsuite> <!-- testCases.LoginTest -->
